0 info it worked if it ends with ok
1 verbose cli [ '/usr/local/bin/node', '/usr/local/bin/npm', 'run', 'debug' ]
2 info using npm@2.15.8
3 info using node@v7.2.1
4 verbose run-script [ 'predebug', 'debug', 'postdebug' ]
5 info predebug youzhu_business_h5@1.0.0
6 info debug youzhu_business_h5@1.0.0
7 verbose unsafe-perm in lifecycle true
8 info youzhu_business_h5@1.0.0 Failed to exec debug script
9 verbose stack Error: youzhu_business_h5@1.0.0 debug: `webpack-dev-server --inline --hot --port 8080`
9 verbose stack Exit status 1
9 verbose stack     at EventEmitter.<anonymous> (/usr/local/lib/node_modules/npm/lib/utils/lifecycle.js:217:16)
9 verbose stack     at emitTwo (events.js:106:13)
9 verbose stack     at EventEmitter.emit (events.js:191:7)
9 verbose stack     at ChildProcess.<anonymous> (/usr/local/lib/node_modules/npm/lib/utils/spawn.js:24:14)
9 verbose stack     at emitTwo (events.js:106:13)
9 verbose stack     at ChildProcess.emit (events.js:191:7)
9 verbose stack     at maybeClose (internal/child_process.js:885:16)
9 verbose stack     at Process.ChildProcess._handle.onexit (internal/child_process.js:226:5)
10 verbose pkgid youzhu_business_h5@1.0.0
11 verbose cwd /Users/calmeii/Desktop/youzhu-business/youzhu_business_h5
12 error Darwin 15.3.0
13 error argv "/usr/local/bin/node" "/usr/local/bin/npm" "run" "debug"
14 error node v7.2.1
15 error npm  v2.15.8
16 error code ELIFECYCLE
17 error youzhu_business_h5@1.0.0 debug: `webpack-dev-server --inline --hot --port 8080`
17 error Exit status 1
18 error Failed at the youzhu_business_h5@1.0.0 debug script 'webpack-dev-server --inline --hot --port 8080'.
18 error This is most likely a problem with the youzhu_business_h5 package,
18 error not with npm itself.
18 error Tell the author that this fails on your system:
18 error     webpack-dev-server --inline --hot --port 8080
18 error You can get information on how to open an issue for this project with:
18 error     npm bugs youzhu_business_h5
18 error Or if that isn't available, you can get their info via:
18 error
18 error     npm owner ls youzhu_business_h5
18 error There is likely additional logging output above.
19 verbose exit [ 1, true ]
